# JRE version: Java(TM) SE Runtime Environment (17.0.11+7) (build 17.0.11+7-LTS-207)
# Java VM: Java HotSpot(TM) 64-Bit Server VM (17.0.11+7-LTS-207, mixed mode, sharing, tiered, compressed oops, compressed class ptrs, g1 gc, windows-amd64)
GC Precious Log:
 CPUs: 8 total, 8 available
 Memory: 7915M
 Large Page Support: Disabled
 NUMA Support: Disabled
 Compressed Oops: Enabled (32-bit)
 Heap Region Size: 1M
 Heap Min Capacity: 8M
 Heap Initial Capacity: 124M
 Heap Max Capacity: 1980M
 Pre-touch: Disabled
 Parallel Workers: 8
 Concurrent Workers: 2
 Concurrent Refinement Workers: 8
 Periodic GC: Disabled
Heap:
 garbage-first heap   total 81920K, used 51849K [0x0000000084400000, 0x0000000100000000)
  region size 1024K, 15 young (15360K), 4 survivors (4096K)
 Metaspace       used 74209K, committed 74816K, reserved 1114112K
  class space    used 10310K, committed 10624K, reserved 1048576K
GC Heap History (20 events):
Event: 3.748 GC heap before
{Heap before GC invocations=7 (full 0):
 garbage-first heap   total 65536K, used 44279K [0x0000000084400000, 0x0000000100000000)
  region size 1024K, 25 young (25600K), 1 survivors (1024K)
 Metaspace       used 28910K, committed 29312K, reserved 1114112K
  class space    used 3845K, committed 4032K, reserved 1048576K
}
Event: 3.750 GC heap after
{Heap after GC invocations=8 (full 0):
 garbage-first heap   total 65536K, used 20825K [0x0000000084400000, 0x0000000100000000)
  region size 1024K, 2 young (2048K), 2 survivors (2048K)
 Metaspace       used 28910K, committed 29312K, reserved 1114112K
  class space    used 3845K, committed 4032K, reserved 1048576K
}
Event: 4.387 GC heap before
{Heap before GC invocations=8 (full 0):
 garbage-first heap   total 65536K, used 46425K [0x0000000084400000, 0x0000000100000000)
  region size 1024K, 27 young (27648K), 2 survivors (2048K)
 Metaspace       used 32779K, committed 33152K, reserved 1114112K
  class space    used 4386K, committed 4544K, reserved 1048576K
}
Event: 4.390 GC heap after
{Heap after GC invocations=9 (full 0):
 garbage-first heap   total 65536K, used 23178K [0x0000000084400000, 0x0000000100000000)
  region size 1024K, 4 young (4096K), 4 survivors (4096K)
 Metaspace       used 32779K, committed 33152K, reserved 1114112K
  class space    used 4386K, committed 4544K, reserved 1048576K
}
Event: 4.785 GC heap before
{Heap before GC invocations=9 (full 0):
 garbage-first heap   total 65536K, used 52874K [0x0000000084400000, 0x0000000100000000)
  region size 1024K, 28 young (28672K), 4 survivors (4096K)
 Metaspace       used 34955K, committed 35392K, reserved 1114112K
  class space    used 4618K, committed 4800K, reserved 1048576K
}
Event: 4.789 GC heap after
{Heap after GC invocations=10 (full 0):
 garbage-first heap   total 65536K, used 26806K [0x0000000084400000, 0x0000000100000000)
  region size 1024K, 4 young (4096K), 4 survivors (4096K)
 Metaspace       used 34955K, committed 35392K, reserved 1114112K
  class space    used 4618K, committed 4800K, reserved 1048576K
}
Event: 4.896 GC heap before
{Heap before GC invocations=10 (full 0):
 garbage-first heap   total 65536K, used 33974K [0x0000000084400000, 0x0000000100000000)
  region size 1024K, 12 young (12288K), 4 survivors (4096K)
 Metaspace       used 35521K, committed 35968K, reserved 1114112K
  class space    used 4696K, committed 4864K, reserved 1048576K
}
Event: 4.899 GC heap after
{Heap after GC invocations=11 (full 0):
 garbage-first heap   total 81920K, used 27326K [0x0000000084400000, 0x0000000100000000)
  region size 1024K, 1 young (1024K), 1 survivors (1024K)
 Metaspace       used 35521K, committed 35968K, reserved 1114112K
  class space    used 4696K, committed 4864K, reserved 1048576K
}
Event: 5.968 GC heap before
{Heap before GC invocations=12 (full 0):
 garbage-first heap   total 81920K, used 61118K [0x0000000084400000, 0x0000000100000000)
  region size 1024K, 34 young (34816K), 1 survivors (1024K)
 Metaspace       used 43919K, committed 44416K, reserved 1114112K
  class space    used 5977K, committed 6208K, reserved 1048576K
}
Event: 5.971 GC heap after
{Heap after GC invocations=13 (full 0):
 garbage-first heap   total 81920K, used 28966K [0x0000000084400000, 0x0000000100000000)
  region size 1024K, 3 young (3072K), 3 survivors (3072K)
 Metaspace       used 43919K, committed 44416K, reserved 1114112K
  class space    used 5977K, committed 6208K, reserved 1048576K
}
Event: 6.705 GC heap before
{Heap before GC invocations=13 (full 0):
 garbage-first heap   total 81920K, used 60710K [0x0000000084400000, 0x0000000100000000)
  region size 1024K, 35 young (35840K), 3 survivors (3072K)
 Metaspace       used 52213K, committed 52672K, reserved 1114112K
  class space    used 7112K, committed 7360K, reserved 1048576K
}
Event: 6.708 GC heap after
{Heap after GC invocations=14 (full 0):
 garbage-first heap   total 81920K, used 30578K [0x0000000084400000, 0x0000000100000000)
  region size 1024K, 4 young (4096K), 4 survivors (4096K)
 Metaspace       used 52213K, committed 52672K, reserved 1114112K
  class space    used 7112K, committed 7360K, reserved 1048576K
}
Event: 7.337 GC heap before
{Heap before GC invocations=14 (full 0):
 garbage-first heap   total 81920K, used 60274K [0x0000000084400000, 0x0000000100000000)
  region size 1024K, 34 young (34816K), 4 survivors (4096K)
 Metaspace       used 59606K, committed 60096K, reserved 1114112K
  class space    used 8274K, committed 8512K, reserved 1048576K
}
Event: 7.341 GC heap after
{Heap after GC invocations=15 (full 0):
 garbage-first heap   total 81920K, used 32458K [0x0000000084400000, 0x0000000100000000)
  region size 1024K, 4 young (4096K), 4 survivors (4096K)
 Metaspace       used 59606K, committed 60096K, reserved 1114112K
  class space    used 8274K, committed 8512K, reserved 1048576K
}
Event: 8.057 GC heap before
{Heap before GC invocations=16 (full 0):
 garbage-first heap   total 81920K, used 64202K [0x0000000084400000, 0x0000000100000000)
  region size 1024K, 35 young (35840K), 4 survivors (4096K)
 Metaspace       used 64351K, committed 64896K, reserved 1114112K
  class space    used 8968K, committed 9216K, reserved 1048576K
}
Event: 8.061 GC heap after
{Heap after GC invocations=17 (full 0):
 garbage-first heap   total 81920K, used 35561K [0x0000000084400000, 0x0000000100000000)
  region size 1024K, 5 young (5120K), 5 survivors (5120K)
 Metaspace       used 64351K, committed 64896K, reserved 1114112K
  class space    used 8968K, committed 9216K, reserved 1048576K
}
Event: 8.965 GC heap before
{Heap before GC invocations=17 (full 0):
 garbage-first heap   total 81920K, used 64233K [0x0000000084400000, 0x0000000100000000)
  region size 1024K, 33 young (33792K), 5 survivors (5120K)
 Metaspace       used 66945K, committed 67456K, reserved 1114112K
  class space    used 9353K, committed 9600K, reserved 1048576K
}
Event: 8.969 GC heap after
{Heap after GC invocations=18 (full 0):
 garbage-first heap   total 81920K, used 37653K [0x0000000084400000, 0x0000000100000000)
  region size 1024K, 3 young (3072K), 3 survivors (3072K)
 Metaspace       used 66945K, committed 67456K, reserved 1114112K
  class space    used 9353K, committed 9600K, reserved 1048576K
}
Event: 9.550 GC heap before
{Heap before GC invocations=18 (full 0):
 garbage-first heap   total 81920K, used 65301K [0x0000000084400000, 0x0000000100000000)
  region size 1024K, 30 young (30720K), 3 survivors (3072K)
 Metaspace       used 73689K, committed 74240K, reserved 1114112K
  class space    used 10254K, committed 10496K, reserved 1048576K
}
Event: 9.554 GC heap after
{Heap after GC invocations=19 (full 0):
 garbage-first heap   total 81920K, used 41609K [0x0000000084400000, 0x0000000100000000)
  region size 1024K, 4 young (4096K), 4 survivors (4096K)
 Metaspace       used 73689K, committed 74240K, reserved 1114112K
  class space    used 10254K, committed 10496K, reserved 1048576K
}

